<?xml version="1.0" encoding="UTF-8"?>
<!-- Generated by org.testng.reporters.JUnitReportReporter -->
<testsuite skipped="0" hostname="CDC2-D-CFQNXJ2" name="tests.NewTest5" tests="1" failures="0" timestamp="2020-01-21T09:52:17 IST" time="33.558" errors="0">
  <testcase name="newtest5" time="33.558" classname="tests.NewTest5"/>
  <system-out/>
</testsuite> <!-- tests.NewTest5 -->
