<?xml version="1.0" encoding="UTF-8"?>
<!-- Generated by org.testng.reporters.JUnitReportReporter -->
<testsuite skipped="0" hostname="CDC2-D-CFQNXJ2" name="tests.ExtentReport" tests="1" failures="0" timestamp="2020-01-21T16:35:52 IST" time="11.424" errors="0">
  <testcase name="test" time="11.424" classname="tests.ExtentReport"/>
  <system-out/>
</testsuite> <!-- tests.ExtentReport -->
