<?xml version="1.0" encoding="UTF-8"?>
<!-- Generated by org.testng.reporters.JUnitReportReporter -->
<testsuite skipped="0" hostname="CDC2-D-CFQNXJ2" name="tests.NewTest6" tests="1" failures="0" timestamp="2020-01-21T12:52:06 IST" time="0.010" errors="0">
  <testcase name="Test" time="0.010" classname="tests.NewTest6"/>
  <system-out/>
</testsuite> <!-- tests.NewTest6 -->
