<?xml version="1.0" encoding="UTF-8"?>
<!-- Generated by org.testng.reporters.JUnitReportReporter -->
<testsuite skipped="0" hostname="CDC2-D-CFQNXJ2" name="tests.NewTest1" tests="1" failures="0" timestamp="2020-01-20T13:06:16 IST" time="36.218" errors="0">
  <testcase name="test" time="36.218" classname="tests.NewTest1"/>
  <system-out/>
</testsuite> <!-- tests.NewTest1 -->
