<?xml version="1.0" encoding="UTF-8"?>
<!-- Generated by org.testng.reporters.JUnitReportReporter -->
<testsuite skipped="0" hostname="CDC2-D-CFQNXJ2" name="tests.NewTest3" tests="1" failures="0" timestamp="2020-01-20T15:29:25 IST" time="20.901" errors="0">
  <testcase name="newTest3" time="20.901" classname="tests.NewTest3"/>
  <system-out/>
</testsuite> <!-- tests.NewTest3 -->
